<?xml version="1.0" encoding="UTF-8"?>
<!-- Generated by org.testng.reporters.JUnitReportReporter -->
<testsuite hostname="WorkPC" failures="0" tests="1" name="org.test.TestngRunner" time="0.012" errors="0" timestamp="2024-11-20T15:43:59 IST" skipped="0">
  <testcase classname="org.test.TestngRunner" name="urlLuanch" time="0.012"/>
  <system-out/>
</testsuite> <!-- org.test.TestngRunner -->
